[debug] [2021-03-29T09:23:33.188Z] ----------------------------------------------------------------------
[debug] [2021-03-29T09:23:33.190Z] Command:       C:\Program Files\nodejs\node.exe C:\Users\sagid\AppData\Roaming\npm\node_modules\firebase-tools\lib\bin\firebase.js emulators:start --only functions
[debug] [2021-03-29T09:23:33.190Z] CLI Version:   9.8.0
[debug] [2021-03-29T09:23:33.190Z] Platform:      win32
[debug] [2021-03-29T09:23:33.191Z] Node Version:  v14.15.4
[debug] [2021-03-29T09:23:33.191Z] Time:          Mon Mar 29 2021 11:23:33 GMT+0200 (közép-európai nyári idő)
[debug] [2021-03-29T09:23:33.191Z] ----------------------------------------------------------------------
[debug] 
[debug] [2021-03-29T09:23:33.197Z] > command requires scopes: ["email","openid","https://www.googleapis.com/auth/cloudplatformprojects.readonly","https://www.googleapis.com/auth/firebase","https://www.googleapis.com/auth/cloud-platform"]
[debug] [2021-03-29T09:23:33.198Z] > authorizing via signed-in user
[info] i  emulators: Starting emulators: functions {"metadata":{"emulator":{"name":"hub"},"message":"Starting emulators: functions"}}
[debug] [2021-03-29T09:23:33.213Z] [hub] writing locator at C:\Users\sagid\AppData\Local\Temp\hub-mailteq.json
[warn] !  functions: The following emulators are not running, calls to these services from the Functions emulator will affect production: auth, firestore, database, hosting, pubsub {"metadata":{"emulator":{"name":"functions"},"message":"The following emulators are not running, calls to these services from the Functions emulator will affect production: \u001b[1mauth, firestore, database, hosting, pubsub\u001b[22m"}}
[warn] !  Your requested "node" version "10" doesn't match your global version "14" {"metadata":{"emulator":{"name":"functions"},"message":"Your requested \"node\" version \"10\" doesn't match your global version \"14\""}}
[debug] [2021-03-29T09:23:33.229Z] defaultcredentials: writing to file C:\Users\sagid\AppData\Roaming\firebase\sagidavid98_gmail_com_application_default_credentials.json
[debug] [2021-03-29T09:23:33.230Z] Setting GAC to C:\Users\sagid\AppData\Roaming\firebase\sagidavid98_gmail_com_application_default_credentials.json {"metadata":{"emulator":{"name":"functions"},"message":"Setting GAC to C:\\Users\\sagid\\AppData\\Roaming\\firebase\\sagidavid98_gmail_com_application_default_credentials.json"}}
[debug] [2021-03-29T09:23:33.231Z] >>> [apiv2][query] GET https://firebase.googleapis.com/v1beta1/projects/mailteq/adminSdkConfig [none]
[debug] [2021-03-29T09:23:33.740Z] <<< [apiv2][status] GET https://firebase.googleapis.com/v1beta1/projects/mailteq/adminSdkConfig 200
[debug] [2021-03-29T09:23:33.740Z] <<< [apiv2][body] GET https://firebase.googleapis.com/v1beta1/projects/mailteq/adminSdkConfig {"projectId":"mailteq","databaseURL":"https://mailteq.firebaseio.com","storageBucket":"mailteq.appspot.com"}
[info] i  ui: downloading ui-v1.4.2.zip... {"metadata":{"emulator":{"name":"ui"},"message":"downloading ui-v1.4.2.zip..."}}
[debug] [2021-03-29T09:23:33.753Z] >>> [apiv2][query] GET https://storage.googleapis.com/firebase-preview-drop/emulator/ui-v1.4.2.zip 
[debug] [2021-03-29T09:23:34.020Z] <<< [apiv2][status] GET https://storage.googleapis.com/firebase-preview-drop/emulator/ui-v1.4.2.zip 200
[debug] [2021-03-29T09:23:34.020Z] <<< [apiv2][body] GET https://storage.googleapis.com/firebase-preview-drop/emulator/ui-v1.4.2.zip [stream]
[debug] [2021-03-29T09:23:34.279Z] Ignoring unsupported arg: auto_download {"metadata":{"emulator":{"name":"ui"},"message":"Ignoring unsupported arg: auto_download"}}
[debug] [2021-03-29T09:23:34.280Z] Ignoring unsupported arg: port {"metadata":{"emulator":{"name":"ui"},"message":"Ignoring unsupported arg: port"}}
[debug] [2021-03-29T09:23:34.280Z] Starting Emulator UI with command {"binary":"node","args":["C:\\Users\\sagid\\.cache\\firebase\\emulators\\ui-v1.4.2\\server.bundle.js"],"optionalArgs":[],"joinArgs":false} {"metadata":{"emulator":{"name":"ui"},"message":"Starting Emulator UI with command {\"binary\":\"node\",\"args\":[\"C:\\\\Users\\\\sagid\\\\.cache\\\\firebase\\\\emulators\\\\ui-v1.4.2\\\\server.bundle.js\"],\"optionalArgs\":[],\"joinArgs\":false}"}}
[info] i  ui: Emulator UI logging to ui-debug.log {"metadata":{"emulator":{"name":"ui"},"message":"Emulator UI logging to \u001b[1mui-debug.log\u001b[22m"}}
[debug] [2021-03-29T09:23:34.383Z] Web / API server started at http://localhost:4000
 {"metadata":{"emulator":{"name":"ui"},"message":"Web / API server started at http://localhost:4000\n"}}
[info] i  functions: Watching "C:\wamp64\www\projects\newsletter\backend\functions" for Cloud Functions... {"metadata":{"emulator":{"name":"functions"},"message":"Watching \"C:\\wamp64\\www\\projects\\newsletter\\backend\\functions\" for Cloud Functions..."}}
[debug] [2021-03-29T09:23:34.557Z] [worker-pool] addWorker(~diagnostic~) {"metadata":{"emulator":{"name":"functions"},"message":"[worker-pool] addWorker(~diagnostic~)"}}
[debug] [2021-03-29T09:23:34.557Z] [worker-pool] Adding worker with key ~diagnostic~, total=1 {"metadata":{"emulator":{"name":"functions"},"message":"[worker-pool] Adding worker with key ~diagnostic~, total=1"}}
[debug] [2021-03-29T09:23:34.557Z] [worker-pool] submitWork(triggerId=) {"metadata":{"emulator":{"name":"functions"},"message":"[worker-pool] submitWork(triggerId=)"}}
[debug] [2021-03-29T09:23:34.557Z] [worker-~diagnostic~-b0fdb800-03e8-4c28-b3d6-cda2fceb6f80]: Assigning socketPath: \\?\pipe\C:\wamp64\www\projects\newsletter\backend\functions\3468 {"metadata":{"emulator":{"name":"functions"},"message":"[worker-~diagnostic~-b0fdb800-03e8-4c28-b3d6-cda2fceb6f80]: Assigning socketPath: \\\\?\\pipe\\C:\\wamp64\\www\\projects\\newsletter\\backend\\functions\\3468"}}
[debug] [2021-03-29T09:23:34.558Z] [worker-~diagnostic~-b0fdb800-03e8-4c28-b3d6-cda2fceb6f80]: BUSY {"metadata":{"emulator":{"name":"functions"},"message":"[worker-~diagnostic~-b0fdb800-03e8-4c28-b3d6-cda2fceb6f80]: BUSY"}}
[debug] [2021-03-29T09:23:34.740Z] [runtime-status] [3468] Functions runtime initialized. {"cwd":"C:\\wamp64\\www\\projects\\newsletter\\backend\\functions","node_version":"14.15.4"} {"metadata":{"emulator":{"name":"functions"},"message":"[runtime-status] [3468] Functions runtime initialized. {\"cwd\":\"C:\\\\wamp64\\\\www\\\\projects\\\\newsletter\\\\backend\\\\functions\",\"node_version\":\"14.15.4\"}"}}
[debug] [2021-03-29T09:23:34.740Z] [runtime-status] [3468] Disabled runtime features: undefined {"metadata":{"emulator":{"name":"functions"},"message":"[runtime-status] [3468] Disabled runtime features: undefined"}}
[debug] [2021-03-29T09:23:34.743Z] [runtime-status] [3468] Resolved module firebase-admin {"declared":true,"installed":true,"version":"8.13.0","resolution":"C:\\wamp64\\www\\projects\\newsletter\\backend\\functions\\node_modules\\firebase-admin\\lib\\index.js"} {"metadata":{"emulator":{"name":"functions"},"message":"[runtime-status] [3468] Resolved module firebase-admin {\"declared\":true,\"installed\":true,\"version\":\"8.13.0\",\"resolution\":\"C:\\\\wamp64\\\\www\\\\projects\\\\newsletter\\\\backend\\\\functions\\\\node_modules\\\\firebase-admin\\\\lib\\\\index.js\"}"}}
[debug] [2021-03-29T09:23:34.744Z] [runtime-status] [3468] Resolved module firebase-functions {"declared":true,"installed":true,"version":"3.11.0","resolution":"C:\\wamp64\\www\\projects\\newsletter\\backend\\functions\\node_modules\\firebase-functions\\lib\\index.js"} {"metadata":{"emulator":{"name":"functions"},"message":"[runtime-status] [3468] Resolved module firebase-functions {\"declared\":true,\"installed\":true,\"version\":\"3.11.0\",\"resolution\":\"C:\\\\wamp64\\\\www\\\\projects\\\\newsletter\\\\backend\\\\functions\\\\node_modules\\\\firebase-functions\\\\lib\\\\index.js\"}"}}
[debug] [2021-03-29T09:23:34.745Z] [runtime-status] [3468] Resolved module firebase-functions {"declared":true,"installed":true,"version":"3.11.0","resolution":"C:\\wamp64\\www\\projects\\newsletter\\backend\\functions\\node_modules\\firebase-functions\\lib\\index.js"} {"metadata":{"emulator":{"name":"functions"},"message":"[runtime-status] [3468] Resolved module firebase-functions {\"declared\":true,\"installed\":true,\"version\":\"3.11.0\",\"resolution\":\"C:\\\\wamp64\\\\www\\\\projects\\\\newsletter\\\\backend\\\\functions\\\\node_modules\\\\firebase-functions\\\\lib\\\\index.js\"}"}}
[debug] [2021-03-29T09:23:34.747Z] [runtime-status] [3468] Outgoing network have been stubbed. [{"name":"http","status":"mocked"},{"name":"http","status":"mocked"},{"name":"https","status":"mocked"},{"name":"https","status":"mocked"},{"name":"net","status":"mocked"}] {"metadata":{"emulator":{"name":"functions"},"message":"[runtime-status] [3468] Outgoing network have been stubbed. [{\"name\":\"http\",\"status\":\"mocked\"},{\"name\":\"http\",\"status\":\"mocked\"},{\"name\":\"https\",\"status\":\"mocked\"},{\"name\":\"https\",\"status\":\"mocked\"},{\"name\":\"net\",\"status\":\"mocked\"}]"}}
[debug] [2021-03-29T09:23:34.747Z] [runtime-status] [3468] Resolved module firebase-functions {"declared":true,"installed":true,"version":"3.11.0","resolution":"C:\\wamp64\\www\\projects\\newsletter\\backend\\functions\\node_modules\\firebase-functions\\lib\\index.js"} {"metadata":{"emulator":{"name":"functions"},"message":"[runtime-status] [3468] Resolved module firebase-functions {\"declared\":true,\"installed\":true,\"version\":\"3.11.0\",\"resolution\":\"C:\\\\wamp64\\\\www\\\\projects\\\\newsletter\\\\backend\\\\functions\\\\node_modules\\\\firebase-functions\\\\lib\\\\index.js\"}"}}
[debug] [2021-03-29T09:23:34.831Z] [runtime-status] [3468] Checked functions.config() {"config":{}} {"metadata":{"emulator":{"name":"functions"},"message":"[runtime-status] [3468] Checked functions.config() {\"config\":{}}"}}
[debug] [2021-03-29T09:23:34.831Z] [runtime-status] [3468] firebase-functions has been stubbed. {"functionsResolution":{"declared":true,"installed":true,"version":"3.11.0","resolution":"C:\\wamp64\\www\\projects\\newsletter\\backend\\functions\\node_modules\\firebase-functions\\lib\\index.js"}} {"metadata":{"emulator":{"name":"functions"},"message":"[runtime-status] [3468] firebase-functions has been stubbed. {\"functionsResolution\":{\"declared\":true,\"installed\":true,\"version\":\"3.11.0\",\"resolution\":\"C:\\\\wamp64\\\\www\\\\projects\\\\newsletter\\\\backend\\\\functions\\\\node_modules\\\\firebase-functions\\\\lib\\\\index.js\"}}"}}
[debug] [2021-03-29T09:23:34.831Z] [runtime-status] [3468] Resolved module firebase-functions {"declared":true,"installed":true,"version":"3.11.0","resolution":"C:\\wamp64\\www\\projects\\newsletter\\backend\\functions\\node_modules\\firebase-functions\\lib\\index.js"} {"metadata":{"emulator":{"name":"functions"},"message":"[runtime-status] [3468] Resolved module firebase-functions {\"declared\":true,\"installed\":true,\"version\":\"3.11.0\",\"resolution\":\"C:\\\\wamp64\\\\www\\\\projects\\\\newsletter\\\\backend\\\\functions\\\\node_modules\\\\firebase-functions\\\\lib\\\\index.js\"}"}}
[debug] [2021-03-29T09:23:34.832Z] [runtime-status] [3468] Resolved module firebase-admin {"declared":true,"installed":true,"version":"8.13.0","resolution":"C:\\wamp64\\www\\projects\\newsletter\\backend\\functions\\node_modules\\firebase-admin\\lib\\index.js"} {"metadata":{"emulator":{"name":"functions"},"message":"[runtime-status] [3468] Resolved module firebase-admin {\"declared\":true,\"installed\":true,\"version\":\"8.13.0\",\"resolution\":\"C:\\\\wamp64\\\\www\\\\projects\\\\newsletter\\\\backend\\\\functions\\\\node_modules\\\\firebase-admin\\\\lib\\\\index.js\"}"}}
[debug] [2021-03-29T09:23:34.833Z] [runtime-status] [3468] Resolved module firebase-functions {"declared":true,"installed":true,"version":"3.11.0","resolution":"C:\\wamp64\\www\\projects\\newsletter\\backend\\functions\\node_modules\\firebase-functions\\lib\\index.js"} {"metadata":{"emulator":{"name":"functions"},"message":"[runtime-status] [3468] Resolved module firebase-functions {\"declared\":true,\"installed\":true,\"version\":\"3.11.0\",\"resolution\":\"C:\\\\wamp64\\\\www\\\\projects\\\\newsletter\\\\backend\\\\functions\\\\node_modules\\\\firebase-functions\\\\lib\\\\index.js\"}"}}
[debug] [2021-03-29T09:23:34.833Z] [runtime-status] [3468] firebase-admin has been stubbed. {"adminResolution":{"declared":true,"installed":true,"version":"8.13.0","resolution":"C:\\wamp64\\www\\projects\\newsletter\\backend\\functions\\node_modules\\firebase-admin\\lib\\index.js"}} {"metadata":{"emulator":{"name":"functions"},"message":"[runtime-status] [3468] firebase-admin has been stubbed. {\"adminResolution\":{\"declared\":true,\"installed\":true,\"version\":\"8.13.0\",\"resolution\":\"C:\\\\wamp64\\\\www\\\\projects\\\\newsletter\\\\backend\\\\functions\\\\node_modules\\\\firebase-admin\\\\lib\\\\index.js\"}}"}}
[info] +  functions[app]: http function initialized (http://localhost:5001/mailteq/us-central1/app). {"metadata":{"emulator":{"name":"functions"},"message":"\u001b[1mhttp\u001b[22m function initialized (http://localhost:5001/mailteq/us-central1/app)."}}
[info] 
┌─────────────────────────────────────────────────────────────┐
│ ✔  All emulators ready! It is now safe to connect your app. │
│ i  View Emulator UI at http://localhost:4000                │
└─────────────────────────────────────────────────────────────┘

┌───────────┬────────────────┬─────────────────────────────────┐
│ Emulator  │ Host:Port      │ View in Emulator UI             │
├───────────┼────────────────┼─────────────────────────────────┤
│ Functions │ localhost:5001 │ http://localhost:4000/functions │
└───────────┴────────────────┴─────────────────────────────────┘
  Emulator Hub running at localhost:4400
  Other reserved ports: 4500

Issues? Report them at https://github.com/firebase/firebase-tools/issues and attach the *-debug.log files.
 
[debug] [2021-03-29T09:23:35.354Z] [worker-~diagnostic~-b0fdb800-03e8-4c28-b3d6-cda2fceb6f80]: IDLE {"metadata":{"emulator":{"name":"functions"},"message":"[worker-~diagnostic~-b0fdb800-03e8-4c28-b3d6-cda2fceb6f80]: IDLE"}}
[debug] [2021-03-29T09:23:41.677Z] [work-queue] {"queueLength":1,"workRunningCount":0}
[debug] [2021-03-29T09:23:41.678Z] [work-queue] {"queueLength":0,"workRunningCount":1}
[debug] [2021-03-29T09:23:41.678Z] Accepted request OPTIONS /mailteq/us-central1/app/login --> app
[debug] [2021-03-29T09:23:41.684Z] [worker-pool] addWorker(app) {"metadata":{"emulator":{"name":"functions"},"message":"[worker-pool] addWorker(app)"}}
[debug] [2021-03-29T09:23:41.684Z] [worker-pool] Adding worker with key app, total=1 {"metadata":{"emulator":{"name":"functions"},"message":"[worker-pool] Adding worker with key app, total=1"}}
[debug] [2021-03-29T09:23:41.684Z] [worker-pool] submitWork(triggerId=app) {"metadata":{"emulator":{"name":"functions"},"message":"[worker-pool] submitWork(triggerId=app)"}}
[debug] [2021-03-29T09:23:41.684Z] [worker-app-edeefda2-2e6f-498c-af71-a8b5bca8ae3d]: Assigning socketPath: \\?\pipe\C:\wamp64\www\projects\newsletter\backend\functions\11808 {"metadata":{"emulator":{"name":"functions"},"message":"[worker-app-edeefda2-2e6f-498c-af71-a8b5bca8ae3d]: Assigning socketPath: \\\\?\\pipe\\C:\\wamp64\\www\\projects\\newsletter\\backend\\functions\\11808"}}
[debug] [2021-03-29T09:23:41.684Z] [worker-app-edeefda2-2e6f-498c-af71-a8b5bca8ae3d]: BUSY {"metadata":{"emulator":{"name":"functions"},"message":"[worker-app-edeefda2-2e6f-498c-af71-a8b5bca8ae3d]: BUSY"}}
[debug] [2021-03-29T09:23:41.863Z] [runtime-status] [11808] Functions runtime initialized. {"cwd":"C:\\wamp64\\www\\projects\\newsletter\\backend\\functions","node_version":"14.15.4"} {"metadata":{"emulator":{"name":"functions"},"function":{"name":"app"},"message":"[runtime-status] [11808] Functions runtime initialized. {\"cwd\":\"C:\\\\wamp64\\\\www\\\\projects\\\\newsletter\\\\backend\\\\functions\",\"node_version\":\"14.15.4\"}"}}
[debug] [2021-03-29T09:23:41.864Z] [runtime-status] [11808] Disabled runtime features: undefined {"metadata":{"emulator":{"name":"functions"},"function":{"name":"app"},"message":"[runtime-status] [11808] Disabled runtime features: undefined"}}
[debug] [2021-03-29T09:23:41.866Z] [runtime-status] [11808] Resolved module firebase-admin {"declared":true,"installed":true,"version":"8.13.0","resolution":"C:\\wamp64\\www\\projects\\newsletter\\backend\\functions\\node_modules\\firebase-admin\\lib\\index.js"} {"metadata":{"emulator":{"name":"functions"},"function":{"name":"app"},"message":"[runtime-status] [11808] Resolved module firebase-admin {\"declared\":true,\"installed\":true,\"version\":\"8.13.0\",\"resolution\":\"C:\\\\wamp64\\\\www\\\\projects\\\\newsletter\\\\backend\\\\functions\\\\node_modules\\\\firebase-admin\\\\lib\\\\index.js\"}"}}
[debug] [2021-03-29T09:23:41.867Z] [runtime-status] [11808] Resolved module firebase-functions {"declared":true,"installed":true,"version":"3.11.0","resolution":"C:\\wamp64\\www\\projects\\newsletter\\backend\\functions\\node_modules\\firebase-functions\\lib\\index.js"} {"metadata":{"emulator":{"name":"functions"},"function":{"name":"app"},"message":"[runtime-status] [11808] Resolved module firebase-functions {\"declared\":true,\"installed\":true,\"version\":\"3.11.0\",\"resolution\":\"C:\\\\wamp64\\\\www\\\\projects\\\\newsletter\\\\backend\\\\functions\\\\node_modules\\\\firebase-functions\\\\lib\\\\index.js\"}"}}
[debug] [2021-03-29T09:23:41.869Z] [runtime-status] [11808] Resolved module firebase-functions {"declared":true,"installed":true,"version":"3.11.0","resolution":"C:\\wamp64\\www\\projects\\newsletter\\backend\\functions\\node_modules\\firebase-functions\\lib\\index.js"} {"metadata":{"emulator":{"name":"functions"},"function":{"name":"app"},"message":"[runtime-status] [11808] Resolved module firebase-functions {\"declared\":true,\"installed\":true,\"version\":\"3.11.0\",\"resolution\":\"C:\\\\wamp64\\\\www\\\\projects\\\\newsletter\\\\backend\\\\functions\\\\node_modules\\\\firebase-functions\\\\lib\\\\index.js\"}"}}
[debug] [2021-03-29T09:23:41.870Z] [runtime-status] [11808] Outgoing network have been stubbed. [{"name":"http","status":"mocked"},{"name":"http","status":"mocked"},{"name":"https","status":"mocked"},{"name":"https","status":"mocked"},{"name":"net","status":"mocked"}] {"metadata":{"emulator":{"name":"functions"},"function":{"name":"app"},"message":"[runtime-status] [11808] Outgoing network have been stubbed. [{\"name\":\"http\",\"status\":\"mocked\"},{\"name\":\"http\",\"status\":\"mocked\"},{\"name\":\"https\",\"status\":\"mocked\"},{\"name\":\"https\",\"status\":\"mocked\"},{\"name\":\"net\",\"status\":\"mocked\"}]"}}
[debug] [2021-03-29T09:23:41.870Z] [runtime-status] [11808] Resolved module firebase-functions {"declared":true,"installed":true,"version":"3.11.0","resolution":"C:\\wamp64\\www\\projects\\newsletter\\backend\\functions\\node_modules\\firebase-functions\\lib\\index.js"} {"metadata":{"emulator":{"name":"functions"},"function":{"name":"app"},"message":"[runtime-status] [11808] Resolved module firebase-functions {\"declared\":true,\"installed\":true,\"version\":\"3.11.0\",\"resolution\":\"C:\\\\wamp64\\\\www\\\\projects\\\\newsletter\\\\backend\\\\functions\\\\node_modules\\\\firebase-functions\\\\lib\\\\index.js\"}"}}
[debug] [2021-03-29T09:23:41.906Z] [runtime-status] [11808] Checked functions.config() {"config":{}} {"metadata":{"emulator":{"name":"functions"},"function":{"name":"app"},"message":"[runtime-status] [11808] Checked functions.config() {\"config\":{}}"}}
[debug] [2021-03-29T09:23:41.906Z] [runtime-status] [11808] firebase-functions has been stubbed. {"functionsResolution":{"declared":true,"installed":true,"version":"3.11.0","resolution":"C:\\wamp64\\www\\projects\\newsletter\\backend\\functions\\node_modules\\firebase-functions\\lib\\index.js"}} {"metadata":{"emulator":{"name":"functions"},"function":{"name":"app"},"message":"[runtime-status] [11808] firebase-functions has been stubbed. {\"functionsResolution\":{\"declared\":true,\"installed\":true,\"version\":\"3.11.0\",\"resolution\":\"C:\\\\wamp64\\\\www\\\\projects\\\\newsletter\\\\backend\\\\functions\\\\node_modules\\\\firebase-functions\\\\lib\\\\index.js\"}}"}}
[debug] [2021-03-29T09:23:41.907Z] [runtime-status] [11808] Resolved module firebase-functions {"declared":true,"installed":true,"version":"3.11.0","resolution":"C:\\wamp64\\www\\projects\\newsletter\\backend\\functions\\node_modules\\firebase-functions\\lib\\index.js"} {"metadata":{"emulator":{"name":"functions"},"function":{"name":"app"},"message":"[runtime-status] [11808] Resolved module firebase-functions {\"declared\":true,\"installed\":true,\"version\":\"3.11.0\",\"resolution\":\"C:\\\\wamp64\\\\www\\\\projects\\\\newsletter\\\\backend\\\\functions\\\\node_modules\\\\firebase-functions\\\\lib\\\\index.js\"}"}}
[debug] [2021-03-29T09:23:41.908Z] [runtime-status] [11808] Resolved module firebase-admin {"declared":true,"installed":true,"version":"8.13.0","resolution":"C:\\wamp64\\www\\projects\\newsletter\\backend\\functions\\node_modules\\firebase-admin\\lib\\index.js"} {"metadata":{"emulator":{"name":"functions"},"function":{"name":"app"},"message":"[runtime-status] [11808] Resolved module firebase-admin {\"declared\":true,\"installed\":true,\"version\":\"8.13.0\",\"resolution\":\"C:\\\\wamp64\\\\www\\\\projects\\\\newsletter\\\\backend\\\\functions\\\\node_modules\\\\firebase-admin\\\\lib\\\\index.js\"}"}}
[debug] [2021-03-29T09:23:41.908Z] [runtime-status] [11808] Resolved module firebase-functions {"declared":true,"installed":true,"version":"3.11.0","resolution":"C:\\wamp64\\www\\projects\\newsletter\\backend\\functions\\node_modules\\firebase-functions\\lib\\index.js"} {"metadata":{"emulator":{"name":"functions"},"function":{"name":"app"},"message":"[runtime-status] [11808] Resolved module firebase-functions {\"declared\":true,\"installed\":true,\"version\":\"3.11.0\",\"resolution\":\"C:\\\\wamp64\\\\www\\\\projects\\\\newsletter\\\\backend\\\\functions\\\\node_modules\\\\firebase-functions\\\\lib\\\\index.js\"}"}}
[debug] [2021-03-29T09:23:41.908Z] [runtime-status] [11808] firebase-admin has been stubbed. {"adminResolution":{"declared":true,"installed":true,"version":"8.13.0","resolution":"C:\\wamp64\\www\\projects\\newsletter\\backend\\functions\\node_modules\\firebase-admin\\lib\\index.js"}} {"metadata":{"emulator":{"name":"functions"},"function":{"name":"app"},"message":"[runtime-status] [11808] firebase-admin has been stubbed. {\"adminResolution\":{\"declared\":true,\"installed\":true,\"version\":\"8.13.0\",\"resolution\":\"C:\\\\wamp64\\\\www\\\\projects\\\\newsletter\\\\backend\\\\functions\\\\node_modules\\\\firebase-admin\\\\lib\\\\index.js\"}}"}}
[debug] [2021-03-29T09:23:42.273Z] [runtime-status] [11808] Trigger "app" has been found, beginning invocation! {"metadata":{"emulator":{"name":"functions"},"function":{"name":"app"},"message":"[runtime-status] [11808] Trigger \"app\" has been found, beginning invocation!"}}
[info] i  functions: Beginning execution of "app" {"metadata":{"emulator":{"name":"functions"},"function":{"name":"app"},"message":"Beginning execution of \"app\""}}
[debug] [2021-03-29T09:23:42.274Z] [runtime-status] [11808] triggerDefinition {"httpsTrigger":{},"name":"app","entryPoint":"app"} {"metadata":{"emulator":{"name":"functions"},"function":{"name":"app"},"message":"[runtime-status] [11808] triggerDefinition {\"httpsTrigger\":{},\"name\":\"app\",\"entryPoint\":\"app\"}"}}
[debug] [2021-03-29T09:23:42.274Z] [runtime-status] [11808] Running app in mode HTTPS {"metadata":{"emulator":{"name":"functions"},"function":{"name":"app"},"message":"[runtime-status] [11808] Running app in mode HTTPS"}}
[debug] [2021-03-29T09:23:42.276Z] [runtime-status] [11808] Attempting to listen to socketPath: \\?\pipe\C:\wamp64\www\projects\newsletter\backend\functions\11808 {"metadata":{"emulator":{"name":"functions"},"function":{"name":"app"},"message":"[runtime-status] [11808] Attempting to listen to socketPath: \\\\?\\pipe\\C:\\wamp64\\www\\projects\\newsletter\\backend\\functions\\11808"}}
[debug] [2021-03-29T09:23:42.278Z] [functions] Runtime ready! Sending request! {"metadata":{"emulator":{"name":"functions"},"message":"[functions] Runtime ready! Sending request!"}}
[debug] [2021-03-29T09:23:42.278Z] [functions] Got req.url=/mailteq/us-central1/app/login, mapping to path=/login {"metadata":{"emulator":{"name":"functions"},"message":"[functions] Got req.url=/mailteq/us-central1/app/login, mapping to path=/login"}}
[debug] [2021-03-29T09:23:42.282Z] [runtime-status] [11808] Ephemeral server handling OPTIONS request {"metadata":{"emulator":{"name":"functions"},"function":{"name":"app"},"message":"[runtime-status] [11808] Ephemeral server handling OPTIONS request"}}
[debug] [2021-03-29T09:23:42.287Z] [runtime-status] [11808] Ephemeral server survived. {"metadata":{"emulator":{"name":"functions"},"function":{"name":"app"},"message":"[runtime-status] [11808] Ephemeral server survived."}}
[info] i  functions: Finished "app" in ~1s {"metadata":{"emulator":{"name":"functions"},"function":{"name":"app"},"message":"Finished \"app\" in ~1s"}}
[debug] [2021-03-29T09:23:42.288Z] [worker-app-edeefda2-2e6f-498c-af71-a8b5bca8ae3d]: IDLE {"metadata":{"emulator":{"name":"functions"},"message":"[worker-app-edeefda2-2e6f-498c-af71-a8b5bca8ae3d]: IDLE"}}
[debug] [2021-03-29T09:23:42.288Z] [work-queue] {"queueLength":0,"workRunningCount":0}
[debug] [2021-03-29T09:23:42.600Z] [work-queue] {"queueLength":1,"workRunningCount":0}
[debug] [2021-03-29T09:23:42.600Z] [work-queue] {"queueLength":0,"workRunningCount":1}
[debug] [2021-03-29T09:23:42.600Z] Accepted request POST /mailteq/us-central1/app/login --> app
[debug] [2021-03-29T09:23:42.601Z] [worker-pool] submitWork(triggerId=app) {"metadata":{"emulator":{"name":"functions"},"message":"[worker-pool] submitWork(triggerId=app)"}}
[debug] [2021-03-29T09:23:42.601Z] [worker-app-edeefda2-2e6f-498c-af71-a8b5bca8ae3d]: Assigning socketPath: \\?\pipe\C:\wamp64\www\projects\newsletter\backend\functions\11808 {"metadata":{"emulator":{"name":"functions"},"message":"[worker-app-edeefda2-2e6f-498c-af71-a8b5bca8ae3d]: Assigning socketPath: \\\\?\\pipe\\C:\\wamp64\\www\\projects\\newsletter\\backend\\functions\\11808"}}
[debug] [2021-03-29T09:23:42.601Z] [worker-app-edeefda2-2e6f-498c-af71-a8b5bca8ae3d]: BUSY {"metadata":{"emulator":{"name":"functions"},"message":"[worker-app-edeefda2-2e6f-498c-af71-a8b5bca8ae3d]: BUSY"}}
[debug] [2021-03-29T09:23:42.601Z] [runtime-status] [11808] Trigger "app" has been found, beginning invocation! {"metadata":{"emulator":{"name":"functions"},"function":{"name":"app"},"message":"[runtime-status] [11808] Trigger \"app\" has been found, beginning invocation!"}}
[info] i  functions: Beginning execution of "app" {"metadata":{"emulator":{"name":"functions"},"function":{"name":"app"},"message":"Beginning execution of \"app\""}}
[debug] [2021-03-29T09:23:42.602Z] [runtime-status] [11808] triggerDefinition {"httpsTrigger":{},"name":"app","entryPoint":"app"} {"metadata":{"emulator":{"name":"functions"},"function":{"name":"app"},"message":"[runtime-status] [11808] triggerDefinition {\"httpsTrigger\":{},\"name\":\"app\",\"entryPoint\":\"app\"}"}}
[debug] [2021-03-29T09:23:42.602Z] [runtime-status] [11808] Running app in mode HTTPS {"metadata":{"emulator":{"name":"functions"},"function":{"name":"app"},"message":"[runtime-status] [11808] Running app in mode HTTPS"}}
[debug] [2021-03-29T09:23:42.602Z] [runtime-status] [11808] Attempting to listen to socketPath: \\?\pipe\C:\wamp64\www\projects\newsletter\backend\functions\11808 {"metadata":{"emulator":{"name":"functions"},"function":{"name":"app"},"message":"[runtime-status] [11808] Attempting to listen to socketPath: \\\\?\\pipe\\C:\\wamp64\\www\\projects\\newsletter\\backend\\functions\\11808"}}
[debug] [2021-03-29T09:23:42.602Z] [functions] Runtime ready! Sending request! {"metadata":{"emulator":{"name":"functions"},"message":"[functions] Runtime ready! Sending request!"}}
[debug] [2021-03-29T09:23:42.602Z] [functions] Got req.url=/mailteq/us-central1/app/login, mapping to path=/login {"metadata":{"emulator":{"name":"functions"},"message":"[functions] Got req.url=/mailteq/us-central1/app/login, mapping to path=/login"}}
[debug] [2021-03-29T09:23:42.622Z] [runtime-status] [11808] Ephemeral server handling POST request {"metadata":{"emulator":{"name":"functions"},"function":{"name":"app"},"message":"[runtime-status] [11808] Ephemeral server handling POST request"}}
[debug] [2021-03-29T09:23:42.626Z] [runtime-status] [11808] Ephemeral server survived. {"metadata":{"emulator":{"name":"functions"},"function":{"name":"app"},"message":"[runtime-status] [11808] Ephemeral server survived."}}
[info] >  DB CLIENT RECONNECTED {"user":"DB CLIENT RECONNECTED","metadata":{"emulator":{"name":"functions"},"function":{"name":"app"},"message":"\u001b[90m> \u001b[39m DB CLIENT RECONNECTED"}}
[info] i  functions: Finished "app" in ~1s {"metadata":{"emulator":{"name":"functions"},"function":{"name":"app"},"message":"Finished \"app\" in ~1s"}}
[debug] [2021-03-29T09:23:43.171Z] [worker-app-edeefda2-2e6f-498c-af71-a8b5bca8ae3d]: IDLE {"metadata":{"emulator":{"name":"functions"},"message":"[worker-app-edeefda2-2e6f-498c-af71-a8b5bca8ae3d]: IDLE"}}
[debug] [2021-03-29T09:23:43.171Z] [work-queue] {"queueLength":0,"workRunningCount":0}
[debug] [2021-03-29T09:23:43.202Z] [work-queue] {"queueLength":1,"workRunningCount":0}
[debug] [2021-03-29T09:23:43.203Z] [work-queue] {"queueLength":0,"workRunningCount":1}
[debug] [2021-03-29T09:23:43.203Z] Accepted request GET /mailteq/us-central1/app/projects --> app
[debug] [2021-03-29T09:23:43.203Z] [worker-pool] submitWork(triggerId=app) {"metadata":{"emulator":{"name":"functions"},"message":"[worker-pool] submitWork(triggerId=app)"}}
[debug] [2021-03-29T09:23:43.203Z] [worker-app-edeefda2-2e6f-498c-af71-a8b5bca8ae3d]: Assigning socketPath: \\?\pipe\C:\wamp64\www\projects\newsletter\backend\functions\11808 {"metadata":{"emulator":{"name":"functions"},"message":"[worker-app-edeefda2-2e6f-498c-af71-a8b5bca8ae3d]: Assigning socketPath: \\\\?\\pipe\\C:\\wamp64\\www\\projects\\newsletter\\backend\\functions\\11808"}}
[debug] [2021-03-29T09:23:43.203Z] [worker-app-edeefda2-2e6f-498c-af71-a8b5bca8ae3d]: BUSY {"metadata":{"emulator":{"name":"functions"},"message":"[worker-app-edeefda2-2e6f-498c-af71-a8b5bca8ae3d]: BUSY"}}
[debug] [2021-03-29T09:23:43.203Z] [runtime-status] [11808] Trigger "app" has been found, beginning invocation! {"metadata":{"emulator":{"name":"functions"},"function":{"name":"app"},"message":"[runtime-status] [11808] Trigger \"app\" has been found, beginning invocation!"}}
[info] i  functions: Beginning execution of "app" {"metadata":{"emulator":{"name":"functions"},"function":{"name":"app"},"message":"Beginning execution of \"app\""}}
[debug] [2021-03-29T09:23:43.204Z] [runtime-status] [11808] triggerDefinition {"httpsTrigger":{},"name":"app","entryPoint":"app"} {"metadata":{"emulator":{"name":"functions"},"function":{"name":"app"},"message":"[runtime-status] [11808] triggerDefinition {\"httpsTrigger\":{},\"name\":\"app\",\"entryPoint\":\"app\"}"}}
[debug] [2021-03-29T09:23:43.204Z] [runtime-status] [11808] Running app in mode HTTPS {"metadata":{"emulator":{"name":"functions"},"function":{"name":"app"},"message":"[runtime-status] [11808] Running app in mode HTTPS"}}
[debug] [2021-03-29T09:23:43.204Z] [runtime-status] [11808] Attempting to listen to socketPath: \\?\pipe\C:\wamp64\www\projects\newsletter\backend\functions\11808 {"metadata":{"emulator":{"name":"functions"},"function":{"name":"app"},"message":"[runtime-status] [11808] Attempting to listen to socketPath: \\\\?\\pipe\\C:\\wamp64\\www\\projects\\newsletter\\backend\\functions\\11808"}}
[debug] [2021-03-29T09:23:43.204Z] [functions] Runtime ready! Sending request! {"metadata":{"emulator":{"name":"functions"},"message":"[functions] Runtime ready! Sending request!"}}
[debug] [2021-03-29T09:23:43.204Z] [functions] Got req.url=/mailteq/us-central1/app/projects, mapping to path=/projects {"metadata":{"emulator":{"name":"functions"},"message":"[functions] Got req.url=/mailteq/us-central1/app/projects, mapping to path=/projects"}}
[debug] [2021-03-29T09:23:43.205Z] [runtime-status] [11808] Ephemeral server handling GET request {"metadata":{"emulator":{"name":"functions"},"function":{"name":"app"},"message":"[runtime-status] [11808] Ephemeral server handling GET request"}}
[info] >  DB CLIENT ALREADY CONNECTED {"user":"DB CLIENT ALREADY CONNECTED","metadata":{"emulator":{"name":"functions"},"function":{"name":"app"},"message":"\u001b[90m> \u001b[39m DB CLIENT ALREADY CONNECTED"}}
[debug] [2021-03-29T09:23:43.206Z] [runtime-status] [11808] Ephemeral server survived. {"metadata":{"emulator":{"name":"functions"},"function":{"name":"app"},"message":"[runtime-status] [11808] Ephemeral server survived."}}
[info] i  functions: Finished "app" in ~1s {"metadata":{"emulator":{"name":"functions"},"function":{"name":"app"},"message":"Finished \"app\" in ~1s"}}
[debug] [2021-03-29T09:23:43.242Z] [worker-app-edeefda2-2e6f-498c-af71-a8b5bca8ae3d]: IDLE {"metadata":{"emulator":{"name":"functions"},"message":"[worker-app-edeefda2-2e6f-498c-af71-a8b5bca8ae3d]: IDLE"}}
[debug] [2021-03-29T09:23:43.243Z] [work-queue] {"queueLength":0,"workRunningCount":0}
